<?xml version="1.0" encoding="UTF-8" ?>
<testsuite errors="0" failures="0" hostname="saloni-TravelMate-P257-M" name="com.ttnd.linksharing.TopicSpec" skipped="0" tests="1" time="3.315" timestamp="2016-02-16T09:47:46">
  <properties />
  <testcase classname="com.ttnd.linksharing.TopicSpec" name="test all topic validations" time="3.258" />
  <system-out><![CDATA[--Output from test all topic validations--
]]></system-out>
  <system-err><![CDATA[--Output from test all topic validations--
]]></system-err>
</testsuite>
