<?xml version="1.0" encoding="UTF-8" ?>
<testsuite errors="0" failures="0" hostname="saloni-TravelMate-P257-M" name="com.ttnd.linksharing.DocumentResourceSpec" skipped="0" tests="1" time="0.205" timestamp="2016-02-16T09:47:49">
  <properties />
  <testcase classname="com.ttnd.linksharing.DocumentResourceSpec" name="test document resource validations" time="0.193" />
  <system-out><![CDATA[--Output from test document resource validations--
]]></system-out>
  <system-err><![CDATA[--Output from test document resource validations--
]]></system-err>
</testsuite>
