<?xml version="1.0" encoding="UTF-8" ?>
<testsuite errors="0" failures="0" hostname="saloni-TravelMate-P257-M" name="com.ttnd.linksharing.ResourceRatingSpec" skipped="0" tests="1" time="0.183" timestamp="2016-02-16T09:47:50">
  <properties />
  <testcase classname="com.ttnd.linksharing.ResourceRatingSpec" name="test resource rating" time="0.175" />
  <system-out><![CDATA[--Output from test resource rating--
]]></system-out>
  <system-err><![CDATA[--Output from test resource rating--
]]></system-err>
</testsuite>
